<html>
<head>
<title>TestNG:  browser-stack-Android-Samsung-S5 Mini</title>
<link href="../testng.css" rel="stylesheet" type="text/css" />
<link href="../my-testng.css" rel="stylesheet" type="text/css" />

<style type="text/css">
.log { display: none;} 
.stack-trace { display: none;} 
</style>
<script type="text/javascript">
<!--
function flip(e) {
  current = e.style.display;
  if (current == 'block') {
    e.style.display = 'none';
    return 0;
  }
  else {
    e.style.display = 'block';
    return 1;
  }
}

function toggleBox(szDivId, elem, msg1, msg2)
{
  var res = -1;  if (document.getElementById) {
    res = flip(document.getElementById(szDivId));
  }
  else if (document.all) {
    // this is the way old msie versions work
    res = flip(document.all[szDivId]);
  }
  if(elem) {
    if(res == 0) elem.innerHTML = msg1; else elem.innerHTML = msg2;
  }

}

function toggleAllBoxes() {
  if (document.getElementsByTagName) {
    d = document.getElementsByTagName('div');
    for (i = 0; i < d.length; i++) {
      if (d[i].className == 'log') {
        flip(d[i]);
      }
    }
  }
}

// -->
</script>

</head>
<body>
<h2 align='center'>browser-stack-Android-Samsung-S5 Mini</h2><table border='1' align="center">
<tr>
<td>Tests passed/Failed/Skipped:</td><td>2/0/0</td>
</tr><tr>
<td>Started on:</td><td>Fri Sep 16 22:08:32 AEST 2016</td>
</tr>
<tr><td>Total time:</td><td>83 seconds (83448 ms)</td>
</tr><tr>
<td>Included groups:</td><td></td>
</tr><tr>
<td>Excluded groups:</td><td></td>
</tr>
</table><p/>
<small><i>(Hover the method name to see the test class name)</i></small><p/>
<table width='100%' border='1' class='invocation-passed'>
<tr><td colspan='4' align='center'><b>PASSED TESTS</b></td></tr>
<tr><td><b>Test method</b></td>
<td width="30%"><b>Exception</b></td>
<td width="10%"><b>Time (seconds)</b></td>
<td><b>Instance</b></td>
</tr>
<tr>
<td title='testCases.MDP_VerifyContentInAPage_TC.verifyContent()'><b>verifyContent</b><br>Test class: testCases.MDP_VerifyContentInAPage_TC<br>Test method:  Verifying content <br/>
<a href="#Output-1742235652" onClick='toggleBox("Output-1742235652", this, "Show output", "Hide output");'>Show output</a>

<a href="#Output-1742235652" onClick="toggleAllBoxes();">Show all outputs</a>
<div class='log' id="Output-1742235652">
**********************************************************************************<br/>
**********************************************************************************<br/>
$$$$$$$$$$$      Starts executing Test case ID        verifyContent          $$$$$$$$$$$$$<br/>
**********************************************************************************<br/>
**********************************************************************************<br/>
XXXXXXXXXXXXXXXXXXXXXXX              Test case ID  is skipped             XXXXXXXXXXXXXXXXXXXXXX. The Reason for skipping test case is  < Skipping the test case <  > as the Run Mode for this test case is <  > ><br/>
X<br/>
X<br/>
X<br/>
X<br/>
XXXXXXXXXXXXXXXXXXXXXXX              Test case ID  is skipped             XXXXXXXXXXXXXXXXXXXXXX. The Reason for skipping test case is  < Skipping the test case <  > as the Run Mode for this test case is <  > ><br/>
X<br/>
X<br/>
X<br/>
X<br/>
XXXXXXXXXXXXXXXXXXXXXXX              Test case ID  is skipped             XXXXXXXXXXXXXXXXXXXXXX. The Reason for skipping test case is  < Skipping the test case <  > as the Run Mode for this test case is <  > ><br/>
X<br/>
X<br/>
X<br/>
X<br/>
XXXXXXXXXXXXXXXXXXXXXXX              Test case ID  is skipped             XXXXXXXXXXXXXXXXXXXXXX. The Reason for skipping test case is  < Skipping the test case <  > as the Run Mode for this test case is <  > ><br/>
X<br/>
X<br/>
X<br/>
X<br/>
XXXXXXXXXXXXXXXXXXXXXXX              Test case ID  is skipped             XXXXXXXXXXXXXXXXXXXXXX. The Reason for skipping test case is  < Skipping the test case <  > as the Run Mode for this test case is <  > ><br/>
X<br/>
X<br/>
X<br/>
X<br/>
XXXXXXXXXXXXXXXXXXXXXXX              Test case ID  is skipped             XXXXXXXXXXXXXXXXXXXXXX. The Reason for skipping test case is  < Skipping the test case <  > as the Run Mode for this test case is <  > ><br/>
X<br/>
X<br/>
X<br/>
X<br/>
XXXXXXXXXXXXXXXXXXXXXXX              Test case ID  is skipped             XXXXXXXXXXXXXXXXXXXXXX. The Reason for skipping test case is  < Skipping the test case <  > as the Run Mode for this test case is <  > ><br/>
X<br/>
X<br/>
X<br/>
X<br/>
XXXXXXXXXXXXXXXXXXXXXXX              Test case ID  is skipped             XXXXXXXXXXXXXXXXXXXXXX. The Reason for skipping test case is  < Skipping the test case <  > as the Run Mode for this test case is <  > ><br/>
X<br/>
X<br/>
X<br/>
X<br/>
XXXXXXXXXXXXXXXXXXXXXXX              Test case ID  is skipped             XXXXXXXXXXXXXXXXXXXXXX. The Reason for skipping test case is  < Skipping the test case <  > as the Run Mode for this test case is <  > ><br/>
X<br/>
X<br/>
X<br/>
X<br/>
XXXXXXXXXXXXXXXXXXXXXXX              Test case ID  is skipped             XXXXXXXXXXXXXXXXXXXXXX. The Reason for skipping test case is  < Skipping the test case <  > as the Run Mode for this test case is <  > ><br/>
X<br/>
X<br/>
X<br/>
X<br/>
XXXXXXXXXXXXXXXXXXXXXXX              Test case ID  is skipped             XXXXXXXXXXXXXXXXXXXXXX. The Reason for skipping test case is  < Skipping the test case <  > as the Run Mode for this test case is <  > ><br/>
X<br/>
X<br/>
X<br/>
X<br/>
XXXXXXXXXXXXXXXXXXXXXXX              Test case ID  is skipped             XXXXXXXXXXXXXXXXXXXXXX. The Reason for skipping test case is  < Skipping the test case <  > as the Run Mode for this test case is <  > ><br/>
X<br/>
X<br/>
X<br/>
X<br/>
XXXXXXXXXXXXXXXXXXXXXXX              Test case ID  is skipped             XXXXXXXXXXXXXXXXXXXXXX. The Reason for skipping test case is  < Skipping the test case <  > as the Run Mode for this test case is <  > ><br/>
X<br/>
X<br/>
X<br/>
X<br/>
XXXXXXXXXXXXXXXXXXXXXXX              Test case ID  is skipped             XXXXXXXXXXXXXXXXXXXXXX. The Reason for skipping test case is  < Skipping the test case <  > as the Run Mode for this test case is <  > ><br/>
X<br/>
X<br/>
X<br/>
X<br/>
XXXXXXXXXXXXXXXXXXXXXXX              Test case ID  is skipped             XXXXXXXXXXXXXXXXXXXXXX. The Reason for skipping test case is  < Skipping the test case <  > as the Run Mode for this test case is <  > ><br/>
X<br/>
X<br/>
X<br/>
X<br/>
XXXXXXXXXXXXXXXXXXXXXXX              Test case ID  is skipped             XXXXXXXXXXXXXXXXXXXXXX. The Reason for skipping test case is  < Skipping the test case <  > as the Run Mode for this test case is <  > ><br/>
X<br/>
X<br/>
X<br/>
X<br/>
XXXXXXXXXXXXXXXXXXXXXXX              Test case ID  is skipped             XXXXXXXXXXXXXXXXXXXXXX. The Reason for skipping test case is  < Skipping the test case <  > as the Run Mode for this test case is <  > ><br/>
X<br/>
X<br/>
X<br/>
X<br/>
XXXXXXXXXXXXXXXXXXXXXXX              Test case ID  is skipped             XXXXXXXXXXXXXXXXXXXXXX. The Reason for skipping test case is  < Skipping the test case <  > as the Run Mode for this test case is <  > ><br/>
X<br/>
X<br/>
X<br/>
X<br/>
XXXXXXXXXXXXXXXXXXXXXXX             Ends Test Case ID verifyContent             XXXXXXXXXXXXXXXXXXXXXX<br/>
X<br/>
X<br/>
X<br/>
X<br/>
Completed executing following method : MDP_VerifyContentInAPage_TC.verifyContent<br/>
Test Method resides in testCases.MDP_VerifyContentInAPage_TC<br/>
Test Status: PASSED<br/>
</div>
</td>
<td></td>
<td>0</td>
<td>testCases.MDP_VerifyContentInAPage_TC@33f88ab</td></tr>
<tr>
<td title='testCases.MDP_FindAllLinks_TC.verifyLinksCampaigns()'><b>verifyLinksCampaigns</b><br>Test class: testCases.MDP_FindAllLinks_TC<br>Test method: verifying  and validating links<br/>
<a href="#Output-1795560878" onClick='toggleBox("Output-1795560878", this, "Show output", "Hide output");'>Show output</a>

<a href="#Output-1795560878" onClick="toggleAllBoxes();">Show all outputs</a>
<div class='log' id="Output-1795560878">
**********************************************************************************<br/>
**********************************************************************************<br/>
$$$$$$$$$$$      Starts executing Test case ID        verifyLinksCampaigns          $$$$$$$$$$$$$<br/>
**********************************************************************************<br/>
**********************************************************************************<br/>
XXXXXXXXXXXXXXXXXXXXXXX              Test case ID TC_HomePage_USA is skipped             XXXXXXXXXXXXXXXXXXXXXX. The Reason for skipping test case is  < Skipping the test case < TC_HomePage_USA > as the Run Mode for this test case is < n > ><br/>
X<br/>
X<br/>
X<br/>
X<br/>
**********************************************************************************<br/>
**********************************************************************************<br/>
$$$$$$$$$$$      Starts executing Test case ID        TC_HomePage_AU          $$$$$$$$$$$$$<br/>
**********************************************************************************<br/>
**********************************************************************************<br/>
navigated to http://koala.node.chdigital.com.au/#<br/>
org.openqa.selenium.WebDriverException: unknown error: operation is unsupported on Android
  (Session info: webview=30.0.0.0)
  (Driver info: chromedriver=2.18.343837 (52eb4041461e46a6b73308ebb19e85787ced4281),platform=Mac OS X 10.10.5 x86_64) (WARNING: The server did not provide any stacktrace information)
Command duration or timeout: 1.02 seconds
Build info: version: 'unknown', revision: '31c43c8', time: '2016-08-02 21:57:56 -0700'
System info: host: 'MAC14847', ip: '127.0.0.1', os.name: 'Mac OS X', os.arch: 'x86_64', os.version: '10.11.5', java.version: '1.8.0_101'
Driver info: org.openqa.selenium.remote.RemoteWebDriver
Capabilities [{applicationCacheEnabled=false, rotatable=false, mobileEmulationEnabled=false, chrome={}, takesHeapSnapshot=true, databaseEnabled=false, handlesAlerts=true, hasTouchScreen=false, version=30.0.0.0, platform=ANDROID, browserConnectionEnabled=false, nativeEvents=true, acceptSslCerts=true, locationContextEnabled=true, webStorageEnabled=true, browserName=chrome, takesScreenshot=true, javascriptEnabled=true, cssSelectorsEnabled=true}]
Session ID: 4693333d18977c68d121ee55240d04406252339f<br/>
Class : AustralianSuperCampaigns_TC  || Method:  verifyLinksCampaigns || description : org.testng.TestException: 
org.openqa.selenium.WebDriverException: unknown error: operation is unsupported on Android
  (Session info: webview=30.0.0.0)
  (Driver info: chromedriver=2.18.343837 (52eb4041461e46a6b73308ebb19e85787ced4281),platform=Mac OS X 10.10.5 x86_64) (WARNING: The server did not provide any stacktrace information)
Command duration or timeout: 1.02 seconds
Build info: version: 'unknown', revision: '31c43c8', time: '2016-08-02 21:57:56 -0700'
System info: host: 'MAC14847', ip: '127.0.0.1', os.name: 'Mac OS X', os.arch: 'x86_64', os.version: '10.11.5', java.version: '1.8.0_101'
Driver info: org.openqa.selenium.remote.RemoteWebDriver
Capabilities [{applicationCacheEnabled=false, rotatable=false, mobileEmulationEnabled=false, chrome={}, takesHeapSnapshot=true, databaseEnabled=false, handlesAlerts=true, hasTouchScreen=false, version=30.0.0.0, platform=ANDROID, browserConnectionEnabled=false, nativeEvents=true, acceptSslCerts=true, locationContextEnabled=true, webStorageEnabled=true, browserName=chrome, takesScreenshot=true, javascriptEnabled=true, cssSelectorsEnabled=true}]
Session ID: 4693333d18977c68d121ee55240d04406252339f<br/>
Completed executing following method : MDP_FindAllLinks_TC.verifyLinksCampaigns<br/>
Test Method resides in testCases.MDP_FindAllLinks_TC<br/>
Test Status: PASSED<br/>
</div>
</td>
<td></td>
<td>14</td>
<td>testCases.MDP_FindAllLinks_TC@2833cc44</td></tr>
</table><p>
</body>
</html>